#
# There is insufficient memory for the Java Runtime Environment to continue.
# Native memory allocation (mmap) failed to map 266338304 bytes for Failed to commit area from 0x00000006c2600000 to 0x00000006d2400000 of length 266338304.
# Possible reasons:
#   The system is out of physical RAM or swap space
#   The process is running with CompressedOops enabled, and the Java Heap may be blocking the growth of the native heap
# Possible solutions:
#   Reduce memory load on the system
#   Increase physical memory or swap space
#   Check if swap backing store is full
#   Decrease Java heap size (-Xmx/-Xms)
#   Decrease number of Java threads
#   Decrease Java thread stack sizes (-Xss)
#   Set larger code cache with -XX:ReservedCodeCacheSize=
# This output file may be truncated or incomplete.
#
#  Out of Memory Error (t:/workspace/open/src/hotspot/os/windows/os_windows.cpp:3221), pid=3292, tid=35560
#
# JRE version:  (10.0.2+13) (build )
# Java VM: Java HotSpot(TM) 64-Bit Server VM (10.0.2+13, mixed mode, aot, tiered, compressed oops, g1 gc, windows-amd64)
# No core dump will be written. Minidumps are not enabled by default on client versions of Windows
#

---------------  S U M M A R Y ------------

Command Line: -Dfile.encoding=Cp1252 lab8.BFS

Host: Intel(R) Core(TM) i7-8750H CPU @ 2.20GHz, 12 cores, 15G,  Windows 10 , 64 bit Build 17134 (10.0.17134.706)
Time: Tue May 07 02:34:01 2019 Pacific Daylight Time elapsed time: 0 seconds (0d 0h 0m 0s)

---------------  T H R E A D  ---------------

Current thread (0x000001fd1e481000):  JavaThread "Unknown thread" [_thread_in_vm, id=35560, stack(0x00000037ebc00000,0x00000037ebd00000)]

Stack: [0x00000037ebc00000,0x00000037ebd00000]
Native frames: (J=compiled Java code, j=interpreted, Vv=VM code, C=native code)
V  [jvm.dll+0x5a01a9]
V  [jvm.dll+0x6bcf31]
V  [jvm.dll+0x6be126]
V  [jvm.dll+0x6be7b3]
V  [jvm.dll+0x234978]
V  [jvm.dll+0x59dac4]
V  [jvm.dll+0x592825]
V  [jvm.dll+0x2f632b]
V  [jvm.dll+0x2f6295]
V  [jvm.dll+0x2f6172]
V  [jvm.dll+0x2f8366]
V  [jvm.dll+0x344293]
V  [jvm.dll+0x3449a6]
V  [jvm.dll+0x344393]
V  [jvm.dll+0x2c4628]
V  [jvm.dll+0x2c5771]
V  [jvm.dll+0x69d1db]
V  [jvm.dll+0x69e9fc]
V  [jvm.dll+0x3519e9]
V  [jvm.dll+0x6856a2]
V  [jvm.dll+0x3ba0c3]
V  [jvm.dll+0x3bc261]
C  [javaw.exe+0x3541]
C  [javaw.exe+0xe1cf]
C  [javaw.exe+0xe376]
C  [KERNEL32.DLL+0x14034]
C  [ntdll.dll+0x73691]


---------------  P R O C E S S  ---------------

Threads class SMR info:
_java_thread_list=0x000001fd1c14c0f0, length=0, elements={
}

Java Threads: ( => current thread )

Other Threads:
  0x000001fd1e49a000 GCTaskThread "GC Thread#0" [stack: 0x00000037ebd00000,0x00000037ebe00000] [id=35636]
  0x000001fd1e49b800 GCTaskThread "GC Thread#1" [stack: 0x00000037ebe00000,0x00000037ebf00000] [id=35000]
  0x000001fd1e49e000 GCTaskThread "GC Thread#2" [stack: 0x00000037ebf00000,0x00000037ec000000] [id=35116]
  0x000001fd1e4a6800 GCTaskThread "GC Thread#3" [stack: 0x00000037ec000000,0x00000037ec100000] [id=14508]
  0x000001fd1e4a4800 GCTaskThread "GC Thread#4" [stack: 0x00000037ec100000,0x00000037ec200000] [id=35556]
  0x000001fd1e4a7000 GCTaskThread "GC Thread#5" [stack: 0x00000037ec200000,0x00000037ec300000] [id=35408]
  0x000001fd1e4a8000 GCTaskThread "GC Thread#6" [stack: 0x00000037ec300000,0x00000037ec400000] [id=35412]
  0x000001fd1e4a5000 GCTaskThread "GC Thread#7" [stack: 0x00000037ec400000,0x00000037ec500000] [id=35040]
  0x000001fd1e4a2800 GCTaskThread "GC Thread#8" [stack: 0x00000037ec500000,0x00000037ec600000] [id=35020]
  0x000001fd1e4a6000 GCTaskThread "GC Thread#9" [stack: 0x00000037ec600000,0x00000037ec700000] [id=33068]
  0x000001fd1e508000 ConcurrentGCThread "G1 Main Marker" [stack: 0x00000037ec700000,0x00000037ec800000] [id=35728]
  0x000001fd1e4a1000 ConcurrentGCThread "G1 Conc#0" [stack: 0x00000037ec800000,0x00000037ec900000] [id=12404]
  0x000001fd1e4a3000 ConcurrentGCThread "G1 Conc#1" [stack: 0x00000037ec900000,0x00000037eca00000] [id=35424]
  0x000001fd1e4a0800 ConcurrentGCThread "G1 Conc#2" [stack: 0x00000037eca00000,0x00000037ecb00000] [id=35088]

[error occurred during error reporting (printing all threads), id 0xe0000002]

VM state:not at safepoint (not fully initialized)

VM Mutex/Monitor currently owned by a thread:  ([mutex/lock_event])
[0x000001fd1e47f5f0] Heap_lock - owner thread: 0x000001fd1e481000

Heap address: 0x00000006c2600000, size: 4058 MB, Compressed Oops mode: Non-zero based: 0x00000006c2600000
Narrow klass base: 0x0000000000000000, Narrow klass shift: 0

GC Heap History (0 events):
No events

Deoptimization events (0 events):
No events

Classes redefined (0 events):
No events

Internal exceptions (0 events):
No events

Events (0 events):
No events


Dynamic libraries:
0x00007ff637b20000 - 0x00007ff637b5e000 	C:\Program Files\Java\jre-10.0.2\bin\javaw.exe
0x00007fff9ee60000 - 0x00007fff9f041000 	C:\WINDOWS\SYSTEM32\ntdll.dll
0x00007fff9e830000 - 0x00007fff9e8e1000 	C:\WINDOWS\System32\KERNEL32.DLL
0x00007fff9ba60000 - 0x00007fff9bcd3000 	C:\WINDOWS\System32\KERNELBASE.dll
0x00007fff9ed80000 - 0x00007fff9ee21000 	C:\WINDOWS\System32\ADVAPI32.dll
0x00007fff9e790000 - 0x00007fff9e82e000 	C:\WINDOWS\System32\msvcrt.dll
0x00007fff9e5f0000 - 0x00007fff9e64b000 	C:\WINDOWS\System32\sechost.dll
0x00007fff9dcd0000 - 0x00007fff9ddf4000 	C:\WINDOWS\System32\RPCRT4.dll
0x00007fff9e3f0000 - 0x00007fff9e580000 	C:\WINDOWS\System32\USER32.dll
0x00007fff9c2d0000 - 0x00007fff9c2f0000 	C:\WINDOWS\System32\win32u.dll
0x00007fff9e9b0000 - 0x00007fff9e9d8000 	C:\WINDOWS\System32\GDI32.dll
0x00007fff9c030000 - 0x00007fff9c1c2000 	C:\WINDOWS\System32\gdi32full.dll
0x00007fff9b9c0000 - 0x00007fff9ba5f000 	C:\WINDOWS\System32\msvcp_win.dll
0x00007fff9c1d0000 - 0x00007fff9c2c8000 	C:\WINDOWS\System32\ucrtbase.dll
0x00007fff8b060000 - 0x00007fff8b2c9000 	C:\WINDOWS\WinSxS\amd64_microsoft.windows.common-controls_6595b64144ccf1df_6.0.17134.706_none_fb43a2cb30647007\COMCTL32.dll
0x00007fff951d0000 - 0x00007fff951da000 	C:\WINDOWS\SYSTEM32\VERSION.dll
0x00007fff9ea50000 - 0x00007fff9ed72000 	C:\WINDOWS\System32\combase.dll
0x00007fff9b940000 - 0x00007fff9b9ba000 	C:\WINDOWS\System32\bcryptPrimitives.dll
0x00007fff9e960000 - 0x00007fff9e98d000 	C:\WINDOWS\System32\IMM32.DLL
0x00007fff56770000 - 0x00007fff5685f000 	C:\Program Files\Java\jre-10.0.2\bin\msvcr120.dll
0x00007fff562d0000 - 0x00007fff56376000 	C:\Program Files\Java\jre-10.0.2\bin\msvcp120.dll
0x0000000064880000 - 0x00000000652f0000 	C:\Program Files\Java\jre-10.0.2\bin\server\jvm.dll
0x00007fff9e9e0000 - 0x00007fff9e9e8000 	C:\WINDOWS\System32\PSAPI.DLL
0x00007fff844c0000 - 0x00007fff844c9000 	C:\WINDOWS\SYSTEM32\WSOCK32.dll
0x00007fff9e8f0000 - 0x00007fff9e95c000 	C:\WINDOWS\System32\WS2_32.dll
0x00007fff97820000 - 0x00007fff97843000 	C:\WINDOWS\SYSTEM32\WINMM.dll
0x00007fff97400000 - 0x00007fff9742a000 	C:\WINDOWS\SYSTEM32\WINMMBASE.dll
0x00007fff9bf30000 - 0x00007fff9bf79000 	C:\WINDOWS\System32\cfgmgr32.dll
0x00007fff93280000 - 0x00007fff9328f000 	C:\Program Files\Java\jre-10.0.2\bin\verify.dll
0x00007fff835c0000 - 0x00007fff83789000 	C:\WINDOWS\SYSTEM32\DBGHELP.DLL
0x00007fff82a20000 - 0x00007fff82a49000 	C:\WINDOWS\SYSTEM32\dbgcore.DLL
0x00007fff78e30000 - 0x00007fff78e57000 	C:\Program Files\Java\jre-10.0.2\bin\java.dll
0x00007fff8b500000 - 0x00007fff8b516000 	C:\Program Files\Java\jre-10.0.2\bin\zip.dll
0x00007fff8d750000 - 0x00007fff8d75a000 	C:\Program Files\Java\jre-10.0.2\bin\jimage.dll

dbghelp: loaded successfully - version: 4.0.5 - missing functions: none
symbol engine: initialized successfully - sym options: 0x614 - pdb path: .;C:\Program Files\Java\jre-10.0.2\bin;C:\WINDOWS\SYSTEM32;C:\WINDOWS\WinSxS\amd64_microsoft.windows.common-controls_6595b64144ccf1df_6.0.17134.706_none_fb43a2cb30647007;C:\Program Files\Java\jre-10.0.2\bin\server

VM Arguments:
jvm_args: -Dfile.encoding=Cp1252 
java_command: lab8.BFS
java_class_path (initial): C:\Users\blahb\eclipse-workspace\328\bin
Launcher Type: SUN_STANDARD

Logging:
Log output configuration:
#0: stdout all=warning uptime,level,tags
#1: stderr all=off uptime,level,tags

Environment Variables:
PATH=C:\Users\blahb\gcc\bin;C:\Users\blahb\gcc\libexec\gcc\x86_64-pc-mingw32\4.7.0;C:\Program Files (x86)\Common Files\Oracle\Java\javapath;C:\Program Files (x86)\Intel\Intel(R) Management Engine Components\iCLS\;C:\Program Files\Intel\Intel(R) Management Engine Components\iCLS\;C:\Windows\system32;C:\Windows;C:\Windows\System32\Wbem;C:\Windows\System32\WindowsPowerShell\v1.0\;C:\Program Files (x86)\Intel\Intel(R) Management Engine Components\DAL;C:\Program Files\Intel\Intel(R) Management Engine Components\DAL;C:\Program Files (x86)\Intel\Intel(R) Management Engine Components\IPT;C:\Program Files\Intel\Intel(R) Management Engine Components\IPT;C:\Program Files (x86)\NVIDIA Corporation\PhysX\Common;C:\Program Files\Intel\WiFi\bin\;C:\Program Files\Common Files\Intel\WirelessCommon\;C:\WINDOWS\system32;C:\WINDOWS;C:\WINDOWS\System32\Wbem;C:\WINDOWS\System32\WindowsPowerShell\v1.0\;C:\WINDOWS\System32\OpenSSH\;C:\Program Files\dotnet\;C:\Program Files\Git\cmd;C:\Program Files\nodejs\;C:\Users\blahb\PycharmProjects\lab2\venv\Scripts;C:\Users\blahb\AppData\Local\Microsoft\WindowsApps;C:\Users\blahb\AppData\Local\GitHubDesktop\bin;C:\Users\blahb\AppData\Local\Programs\Microsoft VS Code\bin;C:\Users\blahb\AppData\Roaming\npm;C:\Users\blahb\AppData\Local\Google\Cloud SDK\google-cloud-sdk\bin
USERNAME=blahb
OS=Windows_NT
PROCESSOR_IDENTIFIER=Intel64 Family 6 Model 158 Stepping 10, GenuineIntel



---------------  S Y S T E M  ---------------

OS: Windows 10 , 64 bit Build 17134 (10.0.17134.706)

CPU:total 12 (initial active 12) (6 cores per cpu, 2 threads per core) family 6 model 158 stepping 10, cmov, cx8, fxsr, mmx, sse, sse2, sse3, ssse3, sse4.1, sse4.2, popcnt, avx, avx2, aes, clmul, erms, 3dnowpref, lzcnt, ht, tsc, tscinvbit, bmi1, bmi2, adx, fma

Memory: 4k page, physical 16619760k(2426600k free), swap 47706988k(94680k free)

vm_info: Java HotSpot(TM) 64-Bit Server VM (10.0.2+13) for windows-amd64 JRE (10.0.2+13), built on Jun 28 2018 01:57:56 by "mach5one" with MS VC++ 12.0 (VS2013)

END.
